<?xml version="1.0" encoding="UTF-8"?>
<!-- Generated by org.testng.reporters.JUnitXMLReporter -->
<testsuite hostname="A2ML27068" ignored="0" name="Testcases" tests="6" failures="1" timestamp="06 Nov 2018 10:46:21 GMT" time="73.806" errors="0">
  <testcase name="register" time="6.898" classname="com.mindtree.automation201.test.Register_test"/>
  <testcase name="register" time="6.217" classname="com.mindtree.automation201.test.Register_test"/>
  <testcase name="SignIn" time="22.537" classname="com.mindtree.automation201.test.SignIn_test">
    <failure type="java.lang.AssertionError" message="null">
      <![CDATA[java.lang.AssertionError: null
	at com.mindtree.automation201.test.SignIn_test.SignIn(SignIn_test.java:30)
... Removed 27 stack frames]]>
    </failure>
  </testcase> <!-- SignIn -->
  <testcase name="SignIn" time="4.147" classname="com.mindtree.automation201.test.SignIn_test"/>
  <testcase name="oneWayTripFlight" time="16.744" classname="com.mindtree.automation201.test.OneWayTrip_test"/>
  <testcase name="twoWayTripFlight" time="16.338" classname="com.mindtree.automation201.test.TwoWayTrip_test"/>
</testsuite> <!-- Testcases -->
